#
# There is insufficient memory for the Java Runtime Environment to continue.
# Native memory allocation (malloc) failed to allocate 41943040 bytes for committing reserved memory.
# Possible reasons:
#   The system is out of physical RAM or swap space
#   In 32 bit mode, the process size limit was hit
# Possible solutions:
#   Reduce memory load on the system
#   Increase physical memory or swap space
#   Check if swap backing store is full
#   Use 64 bit Java on a 64 bit OS
#   Decrease Java heap size (-Xmx/-Xms)
#   Decrease number of Java threads
#   Decrease Java thread stack sizes (-Xss)
#   Set larger code cache with -XX:ReservedCodeCacheSize=
# This output file may be truncated or incomplete.
#
#  Out of Memory Error (os_linux.cpp:2809), pid=5965, tid=140362882541312
#
# JRE version:  (7.0_79-b14) (build )
# Java VM: OpenJDK 64-Bit Server VM (24.79-b02 mixed mode linux-amd64 compressed oops)
# Derivative: IcedTea 2.5.5
# Distribution: Ubuntu 14.04 LTS, package 7u79-2.5.5-0ubuntu0.14.04.2
# Failed to write core dump. Core dumps have been disabled. To enable core dumping, try "ulimit -c unlimited" before starting Java again
#

---------------  T H R E A D  ---------------

Current thread (0x00007fa8c000a800):  JavaThread "Unknown thread" [_thread_in_vm, id=5970, stack(0x00007fa8c7b0e000,0x00007fa8c7c0f000)]

Stack: [0x00007fa8c7b0e000,0x00007fa8c7c0f000],  sp=0x00007fa8c7c0d500,  free space=1021k
Native frames: (J=compiled Java code, j=interpreted, Vv=VM code, C=native code)
V  [libjvm.so+0x94aec5]  VMError::report_and_die()+0x175
V  [libjvm.so+0x48b9c4]  report_vm_out_of_memory(char const*, int, unsigned long, char const*)+0x74
V  [libjvm.so+0x7c806b]  os::pd_commit_memory(char*, unsigned long, unsigned long, bool)+0xeb
V  [libjvm.so+0x7c2b0f]  os::commit_memory(char*, unsigned long, unsigned long, bool)+0x1f
V  [libjvm.so+0x83500b]  PSVirtualSpace::expand_by(unsigned long)+0x5b
V  [libjvm.so+0x82547e]  PSOldGen::initialize(ReservedSpace, unsigned long, char const*, int)+0xce
V  [libjvm.so+0x2a57ff]  AdjoiningGenerations::AdjoiningGenerations(ReservedSpace, unsigned long, unsigned long, unsigned long, unsigned long, unsigned long, unsigned long, unsigned long)+0x3af
V  [libjvm.so+0x7e8560]  ParallelScavengeHeap::initialize()+0x5b0
V  [libjvm.so+0x91b937]  Universe::initialize_heap()+0xc7
V  [libjvm.so+0x91bc67]  universe_init()+0x67
V  [libjvm.so+0x59d2a5]  init_globals()+0x55
V  [libjvm.so+0x8fe64f]  Threads::create_vm(JavaVMInitArgs*, bool*)+0x35f
V  [libjvm.so+0x608624]  JNI_CreateJavaVM+0x54
C  [libjli.so+0x2b48]


---------------  P R O C E S S  ---------------

Java Threads: ( => current thread )

Other Threads:

=>0x00007fa8c000a800 (exited) JavaThread "Unknown thread" [_thread_in_vm, id=5970, stack(0x00007fa8c7b0e000,0x00007fa8c7c0f000)]

VM state:not at safepoint (not fully initialized)

VM Mutex/Monitor currently owned by a thread: None

GC Heap History (0 events):
No events

Deoptimization events (0 events):
No events

Internal exceptions (0 events):
No events

Events (0 events):
No events


Dynamic libraries:
00400000-00401000 r-xp 00000000 08:07 395385                             /usr/lib/jvm/java-7-openjdk-amd64/jre/bin/java
00600000-00601000 r--p 00000000 08:07 395385                             /usr/lib/jvm/java-7-openjdk-amd64/jre/bin/java
00601000-00602000 rw-p 00001000 08:07 395385                             /usr/lib/jvm/java-7-openjdk-amd64/jre/bin/java
021c2000-021e3000 rw-p 00000000 00:00 0                                  [heap]
b5a00000-c0000000 rw-p 00000000 00:00 0 
c2800000-eaa80000 rw-p 00000000 00:00 0 
eaa80000-ebf00000 rw-p 00000000 00:00 0 
ebf00000-100000000 rw-p 00000000 00:00 0 
7fa8bd000000-7fa8bd270000 rwxp 00000000 00:00 0 
7fa8bd270000-7fa8c0023000 rw-p 00000000 00:00 0 
7fa8c0023000-7fa8c4000000 ---p 00000000 00:00 0 
7fa8c42c8000-7fa8c4502000 rw-p 00000000 00:00 0 
7fa8c4502000-7fa8c46aa000 rw-p 00000000 00:00 0 
7fa8c46aa000-7fa8c46b5000 rw-p 00000000 00:00 0 
7fa8c46b5000-7fa8c4755000 rw-p 00000000 00:00 0 
7fa8c4755000-7fa8c4756000 rw-p 00000000 00:00 0 
7fa8c4756000-7fa8c475e000 r-xp 00000000 08:07 396653                     /usr/lib/jvm/java-7-openjdk-amd64/jre/lib/amd64/libzip.so
7fa8c475e000-7fa8c495d000 ---p 00008000 08:07 396653                     /usr/lib/jvm/java-7-openjdk-amd64/jre/lib/amd64/libzip.so
7fa8c495d000-7fa8c495e000 r--p 00007000 08:07 396653                     /usr/lib/jvm/java-7-openjdk-amd64/jre/lib/amd64/libzip.so
7fa8c495e000-7fa8c495f000 rw-p 00008000 08:07 396653                     /usr/lib/jvm/java-7-openjdk-amd64/jre/lib/amd64/libzip.so
7fa8c495f000-7fa8c496a000 r-xp 00000000 08:07 10602                      /lib/x86_64-linux-gnu/libnss_files-2.19.so
7fa8c496a000-7fa8c4b69000 ---p 0000b000 08:07 10602                      /lib/x86_64-linux-gnu/libnss_files-2.19.so
7fa8c4b69000-7fa8c4b6a000 r--p 0000a000 08:07 10602                      /lib/x86_64-linux-gnu/libnss_files-2.19.so
7fa8c4b6a000-7fa8c4b6b000 rw-p 0000b000 08:07 10602                      /lib/x86_64-linux-gnu/libnss_files-2.19.so
7fa8c4b6b000-7fa8c4b76000 r-xp 00000000 08:07 10640                      /lib/x86_64-linux-gnu/libnss_nis-2.19.so
7fa8c4b76000-7fa8c4d75000 ---p 0000b000 08:07 10640                      /lib/x86_64-linux-gnu/libnss_nis-2.19.so
7fa8c4d75000-7fa8c4d76000 r--p 0000a000 08:07 10640                      /lib/x86_64-linux-gnu/libnss_nis-2.19.so
7fa8c4d76000-7fa8c4d77000 rw-p 0000b000 08:07 10640                      /lib/x86_64-linux-gnu/libnss_nis-2.19.so
7fa8c4d77000-7fa8c4d8e000 r-xp 00000000 08:07 10620                      /lib/x86_64-linux-gnu/libnsl-2.19.so
7fa8c4d8e000-7fa8c4f8d000 ---p 00017000 08:07 10620                      /lib/x86_64-linux-gnu/libnsl-2.19.so
7fa8c4f8d000-7fa8c4f8e000 r--p 00016000 08:07 10620                      /lib/x86_64-linux-gnu/libnsl-2.19.so
7fa8c4f8e000-7fa8c4f8f000 rw-p 00017000 08:07 10620                      /lib/x86_64-linux-gnu/libnsl-2.19.so
7fa8c4f8f000-7fa8c4f91000 rw-p 00000000 00:00 0 
7fa8c4f91000-7fa8c4f9a000 r-xp 00000000 08:07 10618                      /lib/x86_64-linux-gnu/libnss_compat-2.19.so
7fa8c4f9a000-7fa8c5199000 ---p 00009000 08:07 10618                      /lib/x86_64-linux-gnu/libnss_compat-2.19.so
7fa8c5199000-7fa8c519a000 r--p 00008000 08:07 10618                      /lib/x86_64-linux-gnu/libnss_compat-2.19.so
7fa8c519a000-7fa8c519b000 rw-p 00009000 08:07 10618                      /lib/x86_64-linux-gnu/libnss_compat-2.19.so
7fa8c519b000-7fa8c51c6000 r-xp 00000000 08:07 397355                     /usr/lib/jvm/java-7-openjdk-amd64/jre/lib/amd64/libjava.so
7fa8c51c6000-7fa8c53c6000 ---p 0002b000 08:07 397355                     /usr/lib/jvm/java-7-openjdk-amd64/jre/lib/amd64/libjava.so
7fa8c53c6000-7fa8c53c7000 r--p 0002b000 08:07 397355                     /usr/lib/jvm/java-7-openjdk-amd64/jre/lib/amd64/libjava.so
7fa8c53c7000-7fa8c53c9000 rw-p 0002c000 08:07 397355                     /usr/lib/jvm/java-7-openjdk-amd64/jre/lib/amd64/libjava.so
7fa8c53c9000-7fa8c53d9000 r-xp 00000000 08:07 397301                     /usr/lib/jvm/java-7-openjdk-amd64/jre/lib/amd64/libverify.so
7fa8c53d9000-7fa8c55d8000 ---p 00010000 08:07 397301                     /usr/lib/jvm/java-7-openjdk-amd64/jre/lib/amd64/libverify.so
7fa8c55d8000-7fa8c55da000 r--p 0000f000 08:07 397301                     /usr/lib/jvm/java-7-openjdk-amd64/jre/lib/amd64/libverify.so
7fa8c55da000-7fa8c55db000 rw-p 00011000 08:07 397301                     /usr/lib/jvm/java-7-openjdk-amd64/jre/lib/amd64/libverify.so
7fa8c55db000-7fa8c55e2000 r-xp 00000000 08:07 10636                      /lib/x86_64-linux-gnu/librt-2.19.so
7fa8c55e2000-7fa8c57e1000 ---p 00007000 08:07 10636                      /lib/x86_64-linux-gnu/librt-2.19.so
7fa8c57e1000-7fa8c57e2000 r--p 00006000 08:07 10636                      /lib/x86_64-linux-gnu/librt-2.19.so
7fa8c57e2000-7fa8c57e3000 rw-p 00007000 08:07 10636                      /lib/x86_64-linux-gnu/librt-2.19.so
7fa8c57e3000-7fa8c57f9000 r-xp 00000000 08:07 57707                      /lib/x86_64-linux-gnu/libgcc_s.so.1
7fa8c57f9000-7fa8c59f8000 ---p 00016000 08:07 57707                      /lib/x86_64-linux-gnu/libgcc_s.so.1
7fa8c59f8000-7fa8c59f9000 rw-p 00015000 08:07 57707                      /lib/x86_64-linux-gnu/libgcc_s.so.1
7fa8c59f9000-7fa8c5afe000 r-xp 00000000 08:07 10600                      /lib/x86_64-linux-gnu/libm-2.19.so
7fa8c5afe000-7fa8c5cfd000 ---p 00105000 08:07 10600                      /lib/x86_64-linux-gnu/libm-2.19.so
7fa8c5cfd000-7fa8c5cfe000 r--p 00104000 08:07 10600                      /lib/x86_64-linux-gnu/libm-2.19.so
7fa8c5cfe000-7fa8c5cff000 rw-p 00105000 08:07 10600                      /lib/x86_64-linux-gnu/libm-2.19.so
7fa8c5cff000-7fa8c5de5000 r-xp 00000000 08:07 393289                     /usr/lib/x86_64-linux-gnu/libstdc++.so.6.0.19
7fa8c5de5000-7fa8c5fe4000 ---p 000e6000 08:07 393289                     /usr/lib/x86_64-linux-gnu/libstdc++.so.6.0.19
7fa8c5fe4000-7fa8c5fec000 r--p 000e5000 08:07 393289                     /usr/lib/x86_64-linux-gnu/libstdc++.so.6.0.19
7fa8c5fec000-7fa8c5fee000 rw-p 000ed000 08:07 393289                     /usr/lib/x86_64-linux-gnu/libstdc++.so.6.0.19
7fa8c5fee000-7fa8c6003000 rw-p 00000000 00:00 0 
7fa8c6003000-7fa8c6b1b000 r-xp 00000000 08:07 397369                     /usr/lib/jvm/java-7-openjdk-amd64/jre/lib/amd64/server/libjvm.so
7fa8c6b1b000-7fa8c6d1b000 ---p 00b18000 08:07 397369                     /usr/lib/jvm/java-7-openjdk-amd64/jre/lib/amd64/server/libjvm.so
7fa8c6d1b000-7fa8c6db5000 r--p 00b18000 08:07 397369                     /usr/lib/jvm/java-7-openjdk-amd64/jre/lib/amd64/server/libjvm.so
7fa8c6db5000-7fa8c6dd8000 rw-p 00bb2000 08:07 397369                     /usr/lib/jvm/java-7-openjdk-amd64/jre/lib/amd64/server/libjvm.so
7fa8c6dd8000-7fa8c6e06000 rw-p 00000000 00:00 0 
7fa8c6e06000-7fa8c6e1e000 r-xp 00000000 08:07 5255                       /lib/x86_64-linux-gnu/libz.so.1.2.8
7fa8c6e1e000-7fa8c701d000 ---p 00018000 08:07 5255                       /lib/x86_64-linux-gnu/libz.so.1.2.8
7fa8c701d000-7fa8c701e000 r--p 00017000 08:07 5255                       /lib/x86_64-linux-gnu/libz.so.1.2.8
7fa8c701e000-7fa8c701f000 rw-p 00018000 08:07 5255                       /lib/x86_64-linux-gnu/libz.so.1.2.8
7fa8c701f000-7fa8c7038000 r-xp 00000000 08:07 10632                      /lib/x86_64-linux-gnu/libpthread-2.19.so
7fa8c7038000-7fa8c7237000 ---p 00019000 08:07 10632                      /lib/x86_64-linux-gnu/libpthread-2.19.so
7fa8c7237000-7fa8c7238000 r--p 00018000 08:07 10632                      /lib/x86_64-linux-gnu/libpthread-2.19.so
7fa8c7238000-7fa8c7239000 rw-p 00019000 08:07 10632                      /lib/x86_64-linux-gnu/libpthread-2.19.so
7fa8c7239000-7fa8c723d000 rw-p 00000000 00:00 0 
7fa8c723d000-7fa8c7240000 r-xp 00000000 08:07 10608                      /lib/x86_64-linux-gnu/libdl-2.19.so
7fa8c7240000-7fa8c743f000 ---p 00003000 08:07 10608                      /lib/x86_64-linux-gnu/libdl-2.19.so
7fa8c743f000-7fa8c7440000 r--p 00002000 08:07 10608                      /lib/x86_64-linux-gnu/libdl-2.19.so
7fa8c7440000-7fa8c7441000 rw-p 00003000 08:07 10608                      /lib/x86_64-linux-gnu/libdl-2.19.so
7fa8c7441000-7fa8c75fc000 r-xp 00000000 08:07 10630                      /lib/x86_64-linux-gnu/libc-2.19.so
7fa8c75fc000-7fa8c77fb000 ---p 001bb000 08:07 10630                      /lib/x86_64-linux-gnu/libc-2.19.so
7fa8c77fb000-7fa8c77ff000 r--p 001ba000 08:07 10630                      /lib/x86_64-linux-gnu/libc-2.19.so
7fa8c77ff000-7fa8c7801000 rw-p 001be000 08:07 10630                      /lib/x86_64-linux-gnu/libc-2.19.so
7fa8c7801000-7fa8c7806000 rw-p 00000000 00:00 0 
7fa8c7806000-7fa8c7813000 r-xp 00000000 08:07 396563                     /usr/lib/jvm/java-7-openjdk-amd64/jre/lib/amd64/jli/libjli.so
7fa8c7813000-7fa8c7a12000 ---p 0000d000 08:07 396563                     /usr/lib/jvm/java-7-openjdk-amd64/jre/lib/amd64/jli/libjli.so
7fa8c7a12000-7fa8c7a13000 r--p 0000c000 08:07 396563                     /usr/lib/jvm/java-7-openjdk-amd64/jre/lib/amd64/jli/libjli.so
7fa8c7a13000-7fa8c7a14000 rw-p 0000d000 08:07 396563                     /usr/lib/jvm/java-7-openjdk-amd64/jre/lib/amd64/jli/libjli.so
7fa8c7a14000-7fa8c7a37000 r-xp 00000000 08:07 10624                      /lib/x86_64-linux-gnu/ld-2.19.so
7fa8c7a4e000-7fa8c7a58000 rw-p 00000000 00:00 0 
7fa8c7a58000-7fa8c7b0e000 rw-p 00000000 00:00 0 
7fa8c7b0e000-7fa8c7b11000 ---p 00000000 00:00 0 
7fa8c7b11000-7fa8c7c14000 rw-p 00000000 00:00 0                          [stack:5970]
7fa8c7c28000-7fa8c7c2a000 rw-p 00000000 00:00 0 
7fa8c7c2a000-7fa8c7c32000 rw-s 00000000 08:07 41402                      /tmp/hsperfdata_suraj/5965
7fa8c7c32000-7fa8c7c33000 rw-p 00000000 00:00 0 
7fa8c7c33000-7fa8c7c34000 r--p 00000000 00:00 0 
7fa8c7c34000-7fa8c7c36000 rw-p 00000000 00:00 0 
7fa8c7c36000-7fa8c7c37000 r--p 00022000 08:07 10624                      /lib/x86_64-linux-gnu/ld-2.19.so
7fa8c7c37000-7fa8c7c38000 rw-p 00023000 08:07 10624                      /lib/x86_64-linux-gnu/ld-2.19.so
7fa8c7c38000-7fa8c7c39000 rw-p 00000000 00:00 0 
7fff04e34000-7fff04e56000 rw-p 00000000 00:00 0                          [stack]
7fff04ed5000-7fff04ed7000 r--p 00000000 00:00 0                          [vvar]
7fff04ed7000-7fff04ed9000 r-xp 00000000 00:00 0                          [vdso]
ffffffffff600000-ffffffffff601000 r-xp 00000000 00:00 0                  [vsyscall]

VM Arguments:
jvm_args: -Xmx1024M -Dfile.encoding=UTF-8 -Duser.country=IN -Duser.language=en -Duser.variant 
java_command: com.android.dx.command.Main --dex --output /home/suraj/AndroidStudioProjects/SkyTyper/app/build/intermediates/dex/debug /home/suraj/AndroidStudioProjects/SkyTyper/app/build/intermediates/classes/debug /home/suraj/AndroidStudioProjects/SkyTyper/app/build/intermediates/pre-dexed/debug/support-annotations-22.1.1-2e290f59ad72b1bf5116c41214a0c654ac26c71f.jar /home/suraj/AndroidStudioProjects/SkyTyper/app/build/intermediates/pre-dexed/debug/internal_impl-22.1.1-989df023acff647b2d962390fbc3513ab246b4b9.jar /home/suraj/AndroidStudioProjects/SkyTyper/app/build/intermediates/pre-dexed/debug/classes-a1fb9216b78faa46816fc1d37732ec50670e1fec.jar /home/suraj/AndroidStudioProjects/SkyTyper/app/build/intermediates/pre-dexed/debug/classes-c3fe429399ea8c2768334288117314b239ed048b.jar
Launcher Type: SUN_STANDARD

Environment Variables:
JAVA_HOME=/usr/lib/jvm/java-8-oracle
PATH=/home/suraj/.rbenv/plugins/ruby-build/bin:/home/suraj/.rbenv/shims:/home/suraj/.rbenv/bin:/usr/local/sbin:/usr/local/bin:/usr/sbin:/usr/bin:/sbin:/bin:/usr/games:/usr/local/games:/usr/lib/jvm/java-8-oracle/bin:/usr/lib/jvm/java-8-oracle/db/bin:/usr/lib/jvm/java-8-oracle/jre/bin:/home/suraj/scripts/:/home/suraj/android/toolchain/arm-cortex_a8-linux-gnueabi-linaro_4.7.4-2014.04/bin:/home/suraj/android/android-sdk-linux/tools:/home/suraj/android/android-sdk-linux/platform-tools
LD_LIBRARY_PATH=/home/suraj/android-studio/bin:
SHELL=/bin/bash
DISPLAY=:0
ARCH=arm

Signal Handlers:
SIGSEGV: [libjvm.so+0x94b9a0], sa_mask[0]=0x7ffbfeff, sa_flags=0x10000004
SIGBUS: [libjvm.so+0x94b9a0], sa_mask[0]=0x7ffbfeff, sa_flags=0x10000004
SIGFPE: [libjvm.so+0x7c3880], sa_mask[0]=0x7ffbfeff, sa_flags=0x10000004
SIGPIPE: [libjvm.so+0x7c3880], sa_mask[0]=0x7ffbfeff, sa_flags=0x10000004
SIGXFSZ: [libjvm.so+0x7c3880], sa_mask[0]=0x7ffbfeff, sa_flags=0x10000004
SIGILL: [libjvm.so+0x7c3880], sa_mask[0]=0x7ffbfeff, sa_flags=0x10000004
SIGUSR1: SIG_DFL, sa_mask[0]=0x00000000, sa_flags=0x00000000
SIGUSR2: [libjvm.so+0x7c3720], sa_mask[0]=0x00000004, sa_flags=0x10000004
SIGHUP: SIG_DFL, sa_mask[0]=0x00000000, sa_flags=0x00000000
SIGINT: SIG_DFL, sa_mask[0]=0x00000000, sa_flags=0x00000000
SIGTERM: SIG_DFL, sa_mask[0]=0x00000000, sa_flags=0x00000000
SIGQUIT: SIG_DFL, sa_mask[0]=0x00000000, sa_flags=0x00000000
SIGTRAP: SIG_DFL, sa_mask[0]=0x00000000, sa_flags=0x00000000


---------------  S Y S T E M  ---------------

OS:Ubuntu 14.04 (trusty)
uname:Linux 3.17.0-031700-generic #201410060605 SMP Mon Oct 6 10:07:09 UTC 2014 x86_64
libc:glibc 2.19 NPTL 2.19 
rlimit: STACK 8192k, CORE 0k, NPROC 15261, NOFILE 4096, AS infinity
load average:3.01 2.36 1.57

/proc/meminfo:
MemTotal:        3952400 kB
MemFree:          103312 kB
MemAvailable:      47876 kB
Buffers:             612 kB
Cached:           530448 kB
SwapCached:            0 kB
Active:          3178768 kB
Inactive:         499620 kB
Active(anon):    3163220 kB
Inactive(anon):   489096 kB
Active(file):      15548 kB
Inactive(file):    10524 kB
Unevictable:          32 kB
Mlocked:              32 kB
SwapTotal:             0 kB
SwapFree:              0 kB
Dirty:               104 kB
Writeback:             0 kB
AnonPages:       3148008 kB
Mapped:            96724 kB
Shmem:            504436 kB
Slab:              64964 kB
SReclaimable:      31984 kB
SUnreclaim:        32980 kB
KernelStack:       10624 kB
PageTables:        36260 kB
NFS_Unstable:          0 kB
Bounce:                0 kB
WritebackTmp:          0 kB
CommitLimit:     1976200 kB
Committed_AS:    7043940 kB
VmallocTotal:   34359738367 kB
VmallocUsed:      352436 kB
VmallocChunk:   34359298080 kB
HardwareCorrupted:     0 kB
AnonHugePages:   1120256 kB
HugePages_Total:       0
HugePages_Free:        0
HugePages_Rsvd:        0
HugePages_Surp:        0
Hugepagesize:       2048 kB
DirectMap4k:       87316 kB
DirectMap2M:     2963456 kB
DirectMap1G:     1048576 kB


CPU:total 4 (2 cores per cpu, 2 threads per core) family 6 model 69 stepping 1, cmov, cx8, fxsr, mmx, sse, sse2, sse3, ssse3, sse4.1, sse4.2, popcnt, avx, avx2, aes, erms, ht, tsc, tscinvbit

/proc/cpuinfo:
processor	: 0
vendor_id	: GenuineIntel
cpu family	: 6
model		: 69
model name	: Intel(R) Core(TM) i5-4200U CPU @ 1.60GHz
stepping	: 1
microcode	: 0x16
cpu MHz		: 1531.207
cache size	: 3072 KB
physical id	: 0
siblings	: 4
core id		: 0
cpu cores	: 2
apicid		: 0
initial apicid	: 0
fpu		: yes
fpu_exception	: yes
cpuid level	: 13
wp		: yes
flags		: fpu vme de pse tsc msr pae mce cx8 apic sep mtrr pge mca cmov pat pse36 clflush dts acpi mmx fxsr sse sse2 ss ht tm pbe syscall nx pdpe1gb rdtscp lm constant_tsc arch_perfmon pebs bts rep_good nopl xtopology nonstop_tsc aperfmperf eagerfpu pni pclmulqdq dtes64 monitor ds_cpl vmx est tm2 ssse3 fma cx16 xtpr pdcm pcid sse4_1 sse4_2 movbe popcnt tsc_deadline_timer aes xsave avx f16c rdrand lahf_lm abm ida arat epb pln pts dtherm tpr_shadow vnmi flexpriority ept vpid fsgsbase tsc_adjust bmi1 avx2 smep bmi2 erms invpcid xsaveopt
bugs		:
bogomips	: 4589.34
clflush size	: 64
cache_alignment	: 64
address sizes	: 39 bits physical, 48 bits virtual
power management:

processor	: 1
vendor_id	: GenuineIntel
cpu family	: 6
model		: 69
model name	: Intel(R) Core(TM) i5-4200U CPU @ 1.60GHz
stepping	: 1
microcode	: 0x16
cpu MHz		: 1805.769
cache size	: 3072 KB
physical id	: 0
siblings	: 4
core id		: 1
cpu cores	: 2
apicid		: 2
initial apicid	: 2
fpu		: yes
fpu_exception	: yes
cpuid level	: 13
wp		: yes
flags		: fpu vme de pse tsc msr pae mce cx8 apic sep mtrr pge mca cmov pat pse36 clflush dts acpi mmx fxsr sse sse2 ss ht tm pbe syscall nx pdpe1gb rdtscp lm constant_tsc arch_perfmon pebs bts rep_good nopl xtopology nonstop_tsc aperfmperf eagerfpu pni pclmulqdq dtes64 monitor ds_cpl vmx est tm2 ssse3 fma cx16 xtpr pdcm pcid sse4_1 sse4_2 movbe popcnt tsc_deadline_timer aes xsave avx f16c rdrand lahf_lm abm ida arat epb pln pts dtherm tpr_shadow vnmi flexpriority ept vpid fsgsbase tsc_adjust bmi1 avx2 smep bmi2 erms invpcid xsaveopt
bugs		:
bogomips	: 4589.34
clflush size	: 64
cache_alignment	: 64
address sizes	: 39 bits physical, 48 bits virtual
power management:

processor	: 2
vendor_id	: GenuineIntel
cpu family	: 6
model		: 69
model name	: Intel(R) Core(TM) i5-4200U CPU @ 1.60GHz
stepping	: 1
microcode	: 0x16
cpu MHz		: 1670.734
cache size	: 3072 KB
physical id	: 0
siblings	: 4
core id		: 0
cpu cores	: 2
apicid		: 1
initial apicid	: 1
fpu		: yes
fpu_exception	: yes
cpuid level	: 13
wp		: yes
flags		: fpu vme de pse tsc msr pae mce cx8 apic sep mtrr pge mca cmov pat pse36 clflush dts acpi mmx fxsr sse sse2 ss ht tm pbe syscall nx pdpe1gb rdtscp lm constant_tsc arch_perfmon pebs bts rep_good nopl xtopology nonstop_tsc aperfmperf eagerfpu pni pclmulqdq dtes64 monitor ds_cpl vmx est tm2 ssse3 fma cx16 xtpr pdcm pcid sse4_1 sse4_2 movbe popcnt tsc_deadline_timer aes xsave avx f16c rdrand lahf_lm abm ida arat epb pln pts dtherm tpr_shadow vnmi flexpriority ept vpid fsgsbase tsc_adjust bmi1 avx2 smep bmi2 erms invpcid xsaveopt
bugs		:
bogomips	: 4589.34
clflush size	: 64
cache_alignment	: 64
address sizes	: 39 bits physical, 48 bits virtual
power management:

processor	: 3
vendor_id	: GenuineIntel
cpu family	: 6
model		: 69
model name	: Intel(R) Core(TM) i5-4200U CPU @ 1.60GHz
stepping	: 1
microcode	: 0x16
cpu MHz		: 2300.000
cache size	: 3072 KB
physical id	: 0
siblings	: 4
core id		: 1
cpu cores	: 2
apicid		: 3
initial apicid	: 3
fpu		: yes
fpu_exception	: yes
cpuid level	: 13
wp		: yes
flags		: fpu vme de pse tsc msr pae mce cx8 apic sep mtrr pge mca cmov pat pse36 clflush dts acpi mmx fxsr sse sse2 ss ht tm pbe syscall nx pdpe1gb rdtscp lm constant_tsc arch_perfmon pebs bts rep_good nopl xtopology nonstop_tsc aperfmperf eagerfpu pni pclmulqdq dtes64 monitor ds_cpl vmx est tm2 ssse3 fma cx16 xtpr pdcm pcid sse4_1 sse4_2 movbe popcnt tsc_deadline_timer aes xsave avx f16c rdrand lahf_lm abm ida arat epb pln pts dtherm tpr_shadow vnmi flexpriority ept vpid fsgsbase tsc_adjust bmi1 avx2 smep bmi2 erms invpcid xsaveopt
bugs		:
bogomips	: 4589.34
clflush size	: 64
cache_alignment	: 64
address sizes	: 39 bits physical, 48 bits virtual
power management:



Memory: 4k page, physical 3952400k(103508k free), swap 0k(0k free)

vm_info: OpenJDK 64-Bit Server VM (24.79-b02) for linux-amd64 JRE (1.7.0_79-b14), built on Apr 16 2015 08:21:58 by "buildd" with gcc 4.8.2

time: Mon Aug 17 19:06:22 2015
elapsed time: 0 seconds

